\BOOKMARK [1][-]{section*.1}{\376\377\000P\000r\000o\000f\000e\000s\000s\000i\000o\000n\000a\000l\000\040\000E\000x\000p\000e\000r\000i\000e\000n\000c\000e}{}% 1
\BOOKMARK [2][-]{section*.2}{\376\377\000C\000o\000l\000l\000i\000n\000s\000\040\000A\000e\000r\000o\000s\000p\000a\000c\000e\000\040\000/\000\040\000R\000T\000X}{section*.1}% 2
\BOOKMARK [3][-]{section*.3}{\376\377\000I\000m\000a\000g\000e\000\040\000A\000n\000a\000l\000y\000s\000t\000\040\000/\000\040\000M\000i\000s\000s\000i\000o\000n\000\040\000P\000l\000a\000n\000n\000e\000r}{section*.2}% 3
\BOOKMARK [3][-]{section*.4}{\376\377\000I\000m\000a\000g\000e\000\040\000S\000c\000i\000e\000n\000c\000e\000\040\000-\000\040\000T\000e\000c\000h\000n\000i\000c\000a\000l\000\040\000T\000r\000a\000i\000n\000e\000r}{section*.2}% 4
\BOOKMARK [3][-]{section*.5}{\376\377\000M\000i\000s\000s\000i\000o\000n\000\040\000P\000l\000a\000n\000n\000e\000r\000\040\000f\000o\000r\000\040\000S\000Y\000E\000R\000S}{section*.2}% 5
\BOOKMARK [3][-]{section*.6}{\376\377\000S\000y\000s\000t\000e\000m\000s\000\040\000E\000n\000g\000i\000n\000e\000e\000r}{section*.2}% 6
\BOOKMARK [3][-]{section*.7}{\376\377\000C\000h\000i\000e\000f\000\040\000E\000n\000g\000i\000n\000e\000e\000r\000\040\000-\000\040\000I\000n\000t\000e\000r\000n\000a\000t\000i\000o\000n\000a\000l\000\040\000A\000e\000r\000o\000s\000p\000a\000c\000e\000\040\000P\000r\000o\000d\000u\000c\000t\000s\000.}{section*.2}% 7
\BOOKMARK [3][-]{section*.8}{\376\377\000F\000i\000e\000l\000d\000\040\000S\000e\000r\000v\000i\000c\000e\000\040\000E\000n\000g\000i\000n\000e\000e\000r\000\040\000-\000\040\000G\000r\000o\000u\000n\000d\000\040\000S\000t\000a\000t\000i\000o\000n\000,\000\040\000S\000a\000u\000d\000i\000\040\000A\000r\000a\000b\000i\000a\000.}{section*.2}% 8
\BOOKMARK [3][-]{section*.9}{\376\377\000I\000n\000t\000e\000g\000r\000a\000t\000i\000o\000n\000\040\000a\000n\000d\000\040\000T\000e\000s\000t\000\040\000E\000n\000g\000i\000n\000e\000e\000r\000\040\000-\000\040\000D\000B\0001\0001\0000\000\040\000R\000e\000c\000o\000n\000n\000a\000i\000s\000s\000a\000n\000c\000e\000\040\000P\000o\000d\000.}{section*.2}% 9
\BOOKMARK [2][-]{section*.10}{\376\377\000N\000o\000r\000t\000h\000r\000o\000p\000\040\000G\000r\000u\000m\000m\000a\000n}{section*.1}% 10
\BOOKMARK [2][-]{section*.11}{\376\377\000V\000a\000r\000i\000o\000u\000s}{section*.1}% 11
\BOOKMARK [1][-]{section*.12}{\376\377\000E\000d\000u\000c\000a\000t\000i\000o\000n}{}% 12
\BOOKMARK [2][-]{section*.13}{\376\377\000U\000n\000d\000e\000r\000g\000r\000a\000d\000u\000a\000t\000e\000\040\000P\000r\000o\000g\000r\000a\000m}{section*.12}% 13
\BOOKMARK [3][-]{section*.14}{\376\377\000B\000.\000S\000.\000\040\000M\000a\000t\000h\000e\000m\000a\000t\000i\000c\000s\000\040\000-\000\040\000T\000e\000x\000a\000s\000\040\000S\000t\000a\000t\000e\000\040\000U\000n\000i\000v\000e\000r\000s\000i\000t\000y\000,\000\040\000S\000a\000n\000\040\000M\000a\000r\000c\000o\000s\000,\000\040\000T\000x\000.}{section*.13}% 14
\BOOKMARK [1][-]{section*.15}{\376\377\000T\000e\000c\000h\000n\000i\000c\000a\000l\000\040\000S\000k\000i\000l\000l\000s}{}% 15
\BOOKMARK [2][-]{section*.16}{\376\377\000M\000a\000t\000l\000a\000b}{section*.15}% 16
\BOOKMARK [2][-]{section*.17}{\376\377\000P\000y\000t\000h\000o\000n}{section*.15}% 17
\BOOKMARK [2][-]{section*.18}{\376\377\000R}{section*.15}% 18
\BOOKMARK [2][-]{section*.19}{\376\377\000P\000o\000w\000e\000r\000s\000h\000e\000l\000l}{section*.15}% 19
\BOOKMARK [2][-]{section*.20}{\376\377\000E\000N\000V\000I\000\040\000/\000\040\000I\000D\000L}{section*.15}% 20
\BOOKMARK [1][-]{section*.21}{\376\377\000R\000e\000f\000e\000r\000e\000n\000c\000e\000s\000\040\000\050\000R\000T\000X\000\040\000E\000m\000p\000l\000o\000y\000e\000e\000s\000\051}{}% 21
\BOOKMARK [2][-]{section*.22}{\376\377\000H\000y\000-\000T\000u\000\040\000V\000o}{section*.21}% 22
\BOOKMARK [2][-]{section*.23}{\376\377\000J\000i\000m\000\040\000L\000u\000e\000n\000i\000n\000g}{section*.21}% 23
\BOOKMARK [2][-]{section*.24}{\376\377\000L\000a\000w\000r\000e\000n\000c\000e\000\040\000S\000c\000a\000r\000f\000f}{section*.21}% 24
\BOOKMARK [2][-]{section*.25}{\376\377\000S\000t\000e\000v\000e\000\040\000H\000u\000t\000c\000h\000i\000n\000s}{section*.21}% 25
\BOOKMARK [2][-]{section*.26}{\376\377\000B\000r\000u\000c\000e\000\040\000S\000a\000r\000n\000o\000w\000i\000t\000z}{section*.21}% 26
\BOOKMARK [2][-]{section*.27}{\376\377\000J\000o\000h\000n\000\040\000L\000a\000c\000a\000m\000b\000r\000i\000a}{section*.21}% 27
